# JRE version: OpenJDK Runtime Environment (11.0.8+10) (build 11.0.8+10-b944.6842174)
# Java VM: OpenJDK 64-Bit Server VM (11.0.8+10-b944.6842174, mixed mode, tiered, compressed oops, g1 gc, windows-amd64)
Heap:
 garbage-first heap   total 596992K, used 468073K [0x0000000080000000, 0x0000000100000000)
  region size 1024K, 136 young (139264K), 17 survivors (17408K)
 Metaspace       used 154431K, capacity 158312K, committed 158464K, reserved 1187840K
  class space    used 18258K, capacity 19663K, committed 19788K, reserved 1048576K
GC Heap History (20 events):
Event: 728.156 GC heap before
{Heap before GC invocations=172 (full 0):
 garbage-first heap   total 592896K, used 515828K [0x0000000080000000, 0x0000000100000000)
  region size 1024K, 322 young (329728K), 5 survivors (5120K)
 Metaspace       used 137816K, capacity 141302K, committed 141568K, reserved 1173504K
  class space    used 16458K, capacity 17647K, committed 17740K, reserved 1048576K
}
Event: 728.173 GC heap after
{Heap after GC invocations=173 (full 0):
 garbage-first heap   total 592896K, used 193021K [0x0000000080000000, 0x0000000100000000)
  region size 1024K, 6 young (6144K), 6 survivors (6144K)
 Metaspace       used 137816K, capacity 141302K, committed 141568K, reserved 1173504K
  class space    used 16458K, capacity 17647K, committed 17740K, reserved 1048576K
}
Event: 729.657 GC heap before
{Heap before GC invocations=173 (full 0):
 garbage-first heap   total 592896K, used 517629K [0x0000000080000000, 0x0000000100000000)
  region size 1024K, 323 young (330752K), 6 survivors (6144K)
 Metaspace       used 137819K, capacity 141302K, committed 141568K, reserved 1173504K
  class space    used 16458K, capacity 17647K, committed 17740K, reserved 1048576K
}
Event: 729.668 GC heap after
{Heap after GC invocations=174 (full 0):
 garbage-first heap   total 592896K, used 193047K [0x0000000080000000, 0x0000000100000000)
  region size 1024K, 6 young (6144K), 6 survivors (6144K)
 Metaspace       used 137819K, capacity 141302K, committed 141568K, reserved 1173504K
  class space    used 16458K, capacity 17647K, committed 17740K, reserved 1048576K
}
Event: 731.646 GC heap before
{Heap before GC invocations=174 (full 0):
 garbage-first heap   total 592896K, used 542231K [0x0000000080000000, 0x0000000100000000)
  region size 1024K, 324 young (331776K), 6 survivors (6144K)
 Metaspace       used 138623K, capacity 142091K, committed 142208K, reserved 1173504K
  class space    used 16533K, capacity 17772K, committed 17868K, reserved 1048576K
}
Event: 731.699 GC heap after
{Heap after GC invocations=175 (full 0):
 garbage-first heap   total 592896K, used 239131K [0x0000000080000000, 0x0000000100000000)
  region size 1024K, 35 young (35840K), 35 survivors (35840K)
 Metaspace       used 138623K, capacity 142091K, committed 142208K, reserved 1173504K
  class space    used 16533K, capacity 17772K, committed 17868K, reserved 1048576K
}
Event: 734.694 GC heap before
{Heap before GC invocations=175 (full 0):
 garbage-first heap   total 592896K, used 513563K [0x0000000080000000, 0x0000000100000000)
  region size 1024K, 283 young (289792K), 35 survivors (35840K)
 Metaspace       used 139809K, capacity 143344K, committed 143616K, reserved 1175552K
  class space    used 16683K, capacity 17910K, committed 17996K, reserved 1048576K
}
Event: 734.862 GC heap after
{Heap after GC invocations=176 (full 0):
 garbage-first heap   total 596992K, used 295808K [0x0000000080000000, 0x0000000100000000)
  region size 1024K, 36 young (36864K), 36 survivors (36864K)
 Metaspace       used 139809K, capacity 143344K, committed 143616K, reserved 1175552K
  class space    used 16683K, capacity 17910K, committed 17996K, reserved 1048576K
}
Event: 736.346 GC heap before
{Heap before GC invocations=176 (full 0):
 garbage-first heap   total 596992K, used 503680K [0x0000000080000000, 0x0000000100000000)
  region size 1024K, 220 young (225280K), 36 survivors (36864K)
 Metaspace       used 141137K, capacity 144755K, committed 144896K, reserved 1175552K
  class space    used 16899K, capacity 18167K, committed 18252K, reserved 1048576K
}
Event: 736.431 GC heap after
{Heap after GC invocations=177 (full 0):
 garbage-first heap   total 596992K, used 333760K [0x0000000080000000, 0x0000000100000000)
  region size 1024K, 20 young (20480K), 20 survivors (20480K)
 Metaspace       used 141137K, capacity 144755K, committed 144896K, reserved 1175552K
  class space    used 16899K, capacity 18167K, committed 18252K, reserved 1048576K
}
Event: 763.652 GC heap before
{Heap before GC invocations=177 (full 0):
 garbage-first heap   total 596992K, used 490432K [0x0000000080000000, 0x0000000100000000)
  region size 1024K, 174 young (178176K), 20 survivors (20480K)
 Metaspace       used 142147K, capacity 145663K, committed 145920K, reserved 1177600K
  class space    used 16994K, capacity 18240K, committed 18252K, reserved 1048576K
}
Event: 763.684 GC heap after
{Heap after GC invocations=178 (full 0):
 garbage-first heap   total 596992K, used 324608K [0x0000000080000000, 0x0000000100000000)
  region size 1024K, 4 young (4096K), 4 survivors (4096K)
 Metaspace       used 142147K, capacity 145663K, committed 145920K, reserved 1177600K
  class space    used 16994K, capacity 18240K, committed 18252K, reserved 1048576K
}
Event: 774.672 GC heap before
{Heap before GC invocations=178 (full 0):
 garbage-first heap   total 596992K, used 492544K [0x0000000080000000, 0x0000000100000000)
  region size 1024K, 169 young (173056K), 4 survivors (4096K)
 Metaspace       used 143417K, capacity 147087K, committed 147200K, reserved 1177600K
  class space    used 17121K, capacity 18412K, committed 18508K, reserved 1048576K
}
Event: 774.693 GC heap after
{Heap after GC invocations=179 (full 0):
 garbage-first heap   total 596992K, used 328446K [0x0000000080000000, 0x0000000100000000)
  region size 1024K, 8 young (8192K), 8 survivors (8192K)
 Metaspace       used 143417K, capacity 147087K, committed 147200K, reserved 1177600K
  class space    used 17121K, capacity 18412K, committed 18508K, reserved 1048576K
}
Event: 777.627 GC heap before
{Heap before GC invocations=179 (full 0):
 garbage-first heap   total 596992K, used 498430K [0x0000000080000000, 0x0000000100000000)
  region size 1024K, 174 young (178176K), 8 survivors (8192K)
 Metaspace       used 143492K, capacity 147151K, committed 147456K, reserved 1177600K
  class space    used 17126K, capacity 18412K, committed 18508K, reserved 1048576K
}
Event: 777.640 GC heap after
{Heap after GC invocations=180 (full 0):
 garbage-first heap   total 596992K, used 330097K [0x0000000080000000, 0x0000000100000000)
  region size 1024K, 10 young (10240K), 10 survivors (10240K)
 Metaspace       used 143492K, capacity 147151K, committed 147456K, reserved 1177600K
  class space    used 17126K, capacity 18412K, committed 18508K, reserved 1048576K
}
Event: 780.009 GC heap before
{Heap before GC invocations=180 (full 0):
 garbage-first heap   total 596992K, used 505201K [0x0000000080000000, 0x0000000100000000)
  region size 1024K, 179 young (183296K), 10 survivors (10240K)
 Metaspace       used 143493K, capacity 147151K, committed 147456K, reserved 1177600K
  class space    used 17126K, capacity 18412K, committed 18508K, reserved 1048576K
}
Event: 780.038 GC heap after
{Heap after GC invocations=181 (full 0):
 garbage-first heap   total 596992K, used 340992K [0x0000000080000000, 0x0000000100000000)
  region size 1024K, 18 young (18432K), 18 survivors (18432K)
 Metaspace       used 143493K, capacity 147151K, committed 147456K, reserved 1177600K
  class space    used 17126K, capacity 18412K, committed 18508K, reserved 1048576K
}
Event: 787.069 GC heap before
{Heap before GC invocations=181 (full 0):
 garbage-first heap   total 596992K, used 508928K [0x0000000080000000, 0x0000000100000000)
  region size 1024K, 180 young (184320K), 18 survivors (18432K)
 Metaspace       used 152129K, capacity 155991K, committed 156160K, reserved 1185792K
  class space    used 18113K, capacity 19456K, committed 19532K, reserved 1048576K
}
Event: 787.125 GC heap after
{Heap after GC invocations=182 (full 0):
 garbage-first heap   total 596992K, used 347241K [0x0000000080000000, 0x0000000100000000)
  region size 1024K, 17 young (17408K), 17 survivors (17408K)
 Metaspace       used 152129K, capacity 155991K, committed 156160K, reserved 1185792K
  class space    used 18113K, capacity 19456K, committed 19532K, reserved 1048576K
}

